CRITICAL - 2022-01-10 20:19:19 --> Undefined variable: nama
#0 C:\laragon\www\iventarisApp\app\Views\test.php(11): CodeIgniter\Debug\Exceptions->errorHandler(8, 'Undefined varia...', 'C:\\laragon\\www\\...', 11, Array)
#1 C:\laragon\www\iventarisApp\system\View\View.php(210): include('C:\\laragon\\www\\...')
#2 C:\laragon\www\iventarisApp\system\View\View.php(213): CodeIgniter\View\View->CodeIgniter\View\{closure}()
#3 C:\laragon\www\iventarisApp\system\Common.php(1089): CodeIgniter\View\View->render('test.php', Array, true)
#4 C:\laragon\www\iventarisApp\app\Controllers\Home.php(14): view('test.php')
#5 C:\laragon\www\iventarisApp\system\CodeIgniter.php(825): App\Controllers\Home->index()
#6 C:\laragon\www\iventarisApp\system\CodeIgniter.php(412): CodeIgniter\CodeIgniter->runController(Object(App\Controllers\Home))
#7 C:\laragon\www\iventarisApp\system\CodeIgniter.php(320): CodeIgniter\CodeIgniter->handleRequest(NULL, Object(Config\Cache), false)
#8 C:\laragon\www\iventarisApp\public\index.php(37): CodeIgniter\CodeIgniter->run()
#9 C:\laragon\www\iventarisApp\system\Commands\Server\rewrite.php(43): require_once('C:\\laragon\\www\\...')
#10 {main}
CRITICAL - 2022-01-10 20:19:36 --> Undefined variable: nama
#0 C:\laragon\www\iventarisApp\app\Views\test.php(11): CodeIgniter\Debug\Exceptions->errorHandler(8, 'Undefined varia...', 'C:\\laragon\\www\\...', 11, Array)
#1 C:\laragon\www\iventarisApp\system\View\View.php(210): include('C:\\laragon\\www\\...')
#2 C:\laragon\www\iventarisApp\system\View\View.php(213): CodeIgniter\View\View->CodeIgniter\View\{closure}()
#3 C:\laragon\www\iventarisApp\system\Common.php(1089): CodeIgniter\View\View->render('test.php', Array, true)
#4 C:\laragon\www\iventarisApp\app\Controllers\Home.php(14): view('test.php')
#5 C:\laragon\www\iventarisApp\system\CodeIgniter.php(825): App\Controllers\Home->index()
#6 C:\laragon\www\iventarisApp\system\CodeIgniter.php(412): CodeIgniter\CodeIgniter->runController(Object(App\Controllers\Home))
#7 C:\laragon\www\iventarisApp\system\CodeIgniter.php(320): CodeIgniter\CodeIgniter->handleRequest(NULL, Object(Config\Cache), false)
#8 C:\laragon\www\iventarisApp\public\index.php(37): CodeIgniter\CodeIgniter->run()
#9 C:\laragon\www\iventarisApp\system\Commands\Server\rewrite.php(43): require_once('C:\\laragon\\www\\...')
#10 {main}
CRITICAL - 2022-01-10 20:20:48 --> Undefined variable: nama
#0 C:\laragon\www\iventarisApp\app\Views\test.php(11): CodeIgniter\Debug\Exceptions->errorHandler(8, 'Undefined varia...', 'C:\\laragon\\www\\...', 11, Array)
#1 C:\laragon\www\iventarisApp\system\View\View.php(210): include('C:\\laragon\\www\\...')
#2 C:\laragon\www\iventarisApp\system\View\View.php(213): CodeIgniter\View\View->CodeIgniter\View\{closure}()
#3 C:\laragon\www\iventarisApp\system\Common.php(1089): CodeIgniter\View\View->render('test.php', Array, true)
#4 C:\laragon\www\iventarisApp\app\Controllers\Home.php(14): view('test.php')
#5 C:\laragon\www\iventarisApp\system\CodeIgniter.php(825): App\Controllers\Home->index()
#6 C:\laragon\www\iventarisApp\system\CodeIgniter.php(412): CodeIgniter\CodeIgniter->runController(Object(App\Controllers\Home))
#7 C:\laragon\www\iventarisApp\system\CodeIgniter.php(320): CodeIgniter\CodeIgniter->handleRequest(NULL, Object(Config\Cache), false)
#8 C:\laragon\www\iventarisApp\public\index.php(37): CodeIgniter\CodeIgniter->run()
#9 C:\laragon\www\iventarisApp\system\Commands\Server\rewrite.php(43): require_once('C:\\laragon\\www\\...')
#10 {main}
CRITICAL - 2022-01-10 20:22:26 --> Undefined variable: nama
#0 C:\laragon\www\iventarisApp\app\Views\test.php(11): CodeIgniter\Debug\Exceptions->errorHandler(8, 'Undefined varia...', 'C:\\laragon\\www\\...', 11, Array)
#1 C:\laragon\www\iventarisApp\system\View\View.php(210): include('C:\\laragon\\www\\...')
#2 C:\laragon\www\iventarisApp\system\View\View.php(213): CodeIgniter\View\View->CodeIgniter\View\{closure}()
#3 C:\laragon\www\iventarisApp\system\Common.php(1089): CodeIgniter\View\View->render('test.php', Array, true)
#4 C:\laragon\www\iventarisApp\app\Controllers\Home.php(14): view('test.php')
#5 C:\laragon\www\iventarisApp\system\CodeIgniter.php(825): App\Controllers\Home->index()
#6 C:\laragon\www\iventarisApp\system\CodeIgniter.php(412): CodeIgniter\CodeIgniter->runController(Object(App\Controllers\Home))
#7 C:\laragon\www\iventarisApp\system\CodeIgniter.php(320): CodeIgniter\CodeIgniter->handleRequest(NULL, Object(Config\Cache), false)
#8 C:\laragon\www\iventarisApp\public\index.php(37): CodeIgniter\CodeIgniter->run()
#9 C:\laragon\www\iventarisApp\system\Commands\Server\rewrite.php(43): require_once('C:\\laragon\\www\\...')
#10 {main}
CRITICAL - 2022-01-10 20:23:54 --> Undefined variable: nama
#0 C:\laragon\www\iventarisApp\app\Views\test.php(11): CodeIgniter\Debug\Exceptions->errorHandler(8, 'Undefined varia...', 'C:\\laragon\\www\\...', 11, Array)
#1 C:\laragon\www\iventarisApp\system\View\View.php(210): include('C:\\laragon\\www\\...')
#2 C:\laragon\www\iventarisApp\system\View\View.php(213): CodeIgniter\View\View->CodeIgniter\View\{closure}()
#3 C:\laragon\www\iventarisApp\system\Common.php(1089): CodeIgniter\View\View->render('test.php', Array, true)
#4 C:\laragon\www\iventarisApp\app\Controllers\Home.php(14): view('test.php')
#5 C:\laragon\www\iventarisApp\system\CodeIgniter.php(825): App\Controllers\Home->index()
#6 C:\laragon\www\iventarisApp\system\CodeIgniter.php(412): CodeIgniter\CodeIgniter->runController(Object(App\Controllers\Home))
#7 C:\laragon\www\iventarisApp\system\CodeIgniter.php(320): CodeIgniter\CodeIgniter->handleRequest(NULL, Object(Config\Cache), false)
#8 C:\laragon\www\iventarisApp\public\index.php(37): CodeIgniter\CodeIgniter->run()
#9 C:\laragon\www\iventarisApp\system\Commands\Server\rewrite.php(43): require_once('C:\\laragon\\www\\...')
#10 {main}
CRITICAL - 2022-01-10 20:37:07 --> Undefined variable: nim
#0 C:\laragon\www\iventarisApp\app\Views\test.php(18): CodeIgniter\Debug\Exceptions->errorHandler(8, 'Undefined varia...', 'C:\\laragon\\www\\...', 18, Array)
#1 C:\laragon\www\iventarisApp\system\View\View.php(210): include('C:\\laragon\\www\\...')
#2 C:\laragon\www\iventarisApp\system\View\View.php(213): CodeIgniter\View\View->CodeIgniter\View\{closure}()
#3 C:\laragon\www\iventarisApp\system\Common.php(1089): CodeIgniter\View\View->render('test.php', Array, true)
#4 C:\laragon\www\iventarisApp\app\Controllers\Home.php(18): view('test.php', Array, Array)
#5 C:\laragon\www\iventarisApp\system\CodeIgniter.php(825): App\Controllers\Home->index()
#6 C:\laragon\www\iventarisApp\system\CodeIgniter.php(412): CodeIgniter\CodeIgniter->runController(Object(App\Controllers\Home))
#7 C:\laragon\www\iventarisApp\system\CodeIgniter.php(320): CodeIgniter\CodeIgniter->handleRequest(NULL, Object(Config\Cache), false)
#8 C:\laragon\www\iventarisApp\public\index.php(37): CodeIgniter\CodeIgniter->run()
#9 C:\laragon\www\iventarisApp\system\Commands\Server\rewrite.php(43): require_once('C:\\laragon\\www\\...')
#10 {main}
CRITICAL - 2022-01-10 20:37:42 --> Undefined variable: nim
#0 C:\laragon\www\iventarisApp\app\Views\test.php(18): CodeIgniter\Debug\Exceptions->errorHandler(8, 'Undefined varia...', 'C:\\laragon\\www\\...', 18, Array)
#1 C:\laragon\www\iventarisApp\system\View\View.php(210): include('C:\\laragon\\www\\...')
#2 C:\laragon\www\iventarisApp\system\View\View.php(213): CodeIgniter\View\View->CodeIgniter\View\{closure}()
#3 C:\laragon\www\iventarisApp\system\Common.php(1089): CodeIgniter\View\View->render('test.php', Array, true)
#4 C:\laragon\www\iventarisApp\app\Controllers\Home.php(18): view('test.php', Array, Array)
#5 C:\laragon\www\iventarisApp\system\CodeIgniter.php(825): App\Controllers\Home->index()
#6 C:\laragon\www\iventarisApp\system\CodeIgniter.php(412): CodeIgniter\CodeIgniter->runController(Object(App\Controllers\Home))
#7 C:\laragon\www\iventarisApp\system\CodeIgniter.php(320): CodeIgniter\CodeIgniter->handleRequest(NULL, Object(Config\Cache), false)
#8 C:\laragon\www\iventarisApp\public\index.php(37): CodeIgniter\CodeIgniter->run()
#9 C:\laragon\www\iventarisApp\system\Commands\Server\rewrite.php(43): require_once('C:\\laragon\\www\\...')
#10 {main}
CRITICAL - 2022-01-10 20:38:21 --> Undefined variable: nim
#0 C:\laragon\www\iventarisApp\app\Views\test.php(18): CodeIgniter\Debug\Exceptions->errorHandler(8, 'Undefined varia...', 'C:\\laragon\\www\\...', 18, Array)
#1 C:\laragon\www\iventarisApp\system\View\View.php(210): include('C:\\laragon\\www\\...')
#2 C:\laragon\www\iventarisApp\system\View\View.php(213): CodeIgniter\View\View->CodeIgniter\View\{closure}()
#3 C:\laragon\www\iventarisApp\system\Common.php(1089): CodeIgniter\View\View->render('test.php', Array, true)
#4 C:\laragon\www\iventarisApp\app\Controllers\Home.php(18): view('test.php', Array, Array)
#5 C:\laragon\www\iventarisApp\system\CodeIgniter.php(825): App\Controllers\Home->index()
#6 C:\laragon\www\iventarisApp\system\CodeIgniter.php(412): CodeIgniter\CodeIgniter->runController(Object(App\Controllers\Home))
#7 C:\laragon\www\iventarisApp\system\CodeIgniter.php(320): CodeIgniter\CodeIgniter->handleRequest(NULL, Object(Config\Cache), false)
#8 C:\laragon\www\iventarisApp\public\index.php(37): CodeIgniter\CodeIgniter->run()
#9 C:\laragon\www\iventarisApp\system\Commands\Server\rewrite.php(43): require_once('C:\\laragon\\www\\...')
#10 {main}
CRITICAL - 2022-01-10 20:38:57 --> Undefined variable: nim
#0 C:\laragon\www\iventarisApp\app\Views\test.php(18): CodeIgniter\Debug\Exceptions->errorHandler(8, 'Undefined varia...', 'C:\\laragon\\www\\...', 18, Array)
#1 C:\laragon\www\iventarisApp\system\View\View.php(210): include('C:\\laragon\\www\\...')
#2 C:\laragon\www\iventarisApp\system\View\View.php(213): CodeIgniter\View\View->CodeIgniter\View\{closure}()
#3 C:\laragon\www\iventarisApp\system\Common.php(1089): CodeIgniter\View\View->render('test.php', Array, true)
#4 C:\laragon\www\iventarisApp\app\Controllers\Home.php(18): view('test.php', Array, Array)
#5 C:\laragon\www\iventarisApp\system\CodeIgniter.php(825): App\Controllers\Home->index()
#6 C:\laragon\www\iventarisApp\system\CodeIgniter.php(412): CodeIgniter\CodeIgniter->runController(Object(App\Controllers\Home))
#7 C:\laragon\www\iventarisApp\system\CodeIgniter.php(320): CodeIgniter\CodeIgniter->handleRequest(NULL, Object(Config\Cache), false)
#8 C:\laragon\www\iventarisApp\public\index.php(37): CodeIgniter\CodeIgniter->run()
#9 C:\laragon\www\iventarisApp\system\Commands\Server\rewrite.php(43): require_once('C:\\laragon\\www\\...')
#10 {main}
