CRITICAL - 2022-03-04 04:30:14 --> Undefined variable: validation
#0 C:\laragon\www\iventarisApp\app\Views\pegawai\create.php(12): CodeIgniter\Debug\Exceptions->errorHandler(8, 'Undefined varia...', 'C:\\laragon\\www\\...', 12, Array)
#1 C:\laragon\www\iventarisApp\system\View\View.php(210): include('C:\\laragon\\www\\...')
#2 C:\laragon\www\iventarisApp\system\View\View.php(213): CodeIgniter\View\View->CodeIgniter\View\{closure}()
#3 C:\laragon\www\iventarisApp\system\Common.php(1089): CodeIgniter\View\View->render('pegawai/create', Array, true)
#4 C:\laragon\www\iventarisApp\app\Controllers\Pegawai.php(26): view('pegawai/create', Array)
#5 C:\laragon\www\iventarisApp\system\CodeIgniter.php(825): App\Controllers\Pegawai->create()
#6 C:\laragon\www\iventarisApp\system\CodeIgniter.php(412): CodeIgniter\CodeIgniter->runController(Object(App\Controllers\Pegawai))
#7 C:\laragon\www\iventarisApp\system\CodeIgniter.php(320): CodeIgniter\CodeIgniter->handleRequest(NULL, Object(Config\Cache), false)
#8 C:\laragon\www\iventarisApp\public\index.php(37): CodeIgniter\CodeIgniter->run()
#9 C:\laragon\www\iventarisApp\system\Commands\Server\rewrite.php(43): require_once('C:\\laragon\\www\\...')
#10 {main}
ERROR - 2022-03-04 06:18:01 --> Duplicate entry '2' for key 'PRIMARY'
CRITICAL - 2022-03-04 06:18:01 --> Duplicate entry '2' for key 'PRIMARY'
#0 C:\laragon\www\iventarisApp\system\Database\MySQLi\Connection.php(292): mysqli->query('INSERT INTO `pe...', 0)
#1 C:\laragon\www\iventarisApp\system\Database\BaseConnection.php(670): CodeIgniter\Database\MySQLi\Connection->execute('INSERT INTO `pe...')
#2 C:\laragon\www\iventarisApp\system\Database\BaseConnection.php(598): CodeIgniter\Database\BaseConnection->simpleQuery('INSERT INTO `pe...')
#3 C:\laragon\www\iventarisApp\system\Database\BaseBuilder.php(1771): CodeIgniter\Database\BaseConnection->query('INSERT INTO `pe...', Array, false)
#4 C:\laragon\www\iventarisApp\app\Controllers\Pegawai.php(70): CodeIgniter\Database\BaseBuilder->insert(Array)
#5 C:\laragon\www\iventarisApp\system\CodeIgniter.php(825): App\Controllers\Pegawai->save()
#6 C:\laragon\www\iventarisApp\system\CodeIgniter.php(412): CodeIgniter\CodeIgniter->runController(Object(App\Controllers\Pegawai))
#7 C:\laragon\www\iventarisApp\system\CodeIgniter.php(320): CodeIgniter\CodeIgniter->handleRequest(NULL, Object(Config\Cache), false)
#8 C:\laragon\www\iventarisApp\public\index.php(37): CodeIgniter\CodeIgniter->run()
#9 C:\laragon\www\iventarisApp\system\Commands\Server\rewrite.php(43): require_once('C:\\laragon\\www\\...')
#10 {main}
CRITICAL - 2022-03-04 06:24:54 --> Undefined variable: pegawai
#0 C:\laragon\www\iventarisApp\app\Views\pegawai\edit.php(8): CodeIgniter\Debug\Exceptions->errorHandler(8, 'Undefined varia...', 'C:\\laragon\\www\\...', 8, Array)
#1 C:\laragon\www\iventarisApp\system\View\View.php(210): include('C:\\laragon\\www\\...')
#2 C:\laragon\www\iventarisApp\system\View\View.php(213): CodeIgniter\View\View->CodeIgniter\View\{closure}()
#3 C:\laragon\www\iventarisApp\system\Common.php(1089): CodeIgniter\View\View->render('pegawai/edit', Array, true)
#4 C:\laragon\www\iventarisApp\app\Controllers\Pegawai.php(89): view('pegawai/edit', Array)
#5 C:\laragon\www\iventarisApp\system\CodeIgniter.php(825): App\Controllers\Pegawai->edit('2')
#6 C:\laragon\www\iventarisApp\system\CodeIgniter.php(412): CodeIgniter\CodeIgniter->runController(Object(App\Controllers\Pegawai))
#7 C:\laragon\www\iventarisApp\system\CodeIgniter.php(320): CodeIgniter\CodeIgniter->handleRequest(NULL, Object(Config\Cache), false)
#8 C:\laragon\www\iventarisApp\public\index.php(37): CodeIgniter\CodeIgniter->run()
#9 C:\laragon\www\iventarisApp\system\Commands\Server\rewrite.php(43): require_once('C:\\laragon\\www\\...')
#10 {main}
CRITICAL - 2022-03-04 06:37:20 --> Undefined variable: m
#0 C:\laragon\www\iventarisApp\app\Views\pegawai\index.php(41): CodeIgniter\Debug\Exceptions->errorHandler(8, 'Undefined varia...', 'C:\\laragon\\www\\...', 41, Array)
#1 C:\laragon\www\iventarisApp\system\View\View.php(210): include('C:\\laragon\\www\\...')
#2 C:\laragon\www\iventarisApp\system\View\View.php(213): CodeIgniter\View\View->CodeIgniter\View\{closure}()
#3 C:\laragon\www\iventarisApp\system\Common.php(1089): CodeIgniter\View\View->render('pegawai/index', Array, true)
#4 C:\laragon\www\iventarisApp\app\Controllers\Pegawai.php(18): view('pegawai/index', Array)
#5 C:\laragon\www\iventarisApp\system\CodeIgniter.php(825): App\Controllers\Pegawai->index()
#6 C:\laragon\www\iventarisApp\system\CodeIgniter.php(412): CodeIgniter\CodeIgniter->runController(Object(App\Controllers\Pegawai))
#7 C:\laragon\www\iventarisApp\system\CodeIgniter.php(320): CodeIgniter\CodeIgniter->handleRequest(NULL, Object(Config\Cache), false)
#8 C:\laragon\www\iventarisApp\public\index.php(37): CodeIgniter\CodeIgniter->run()
#9 C:\laragon\www\iventarisApp\system\Commands\Server\rewrite.php(43): require_once('C:\\laragon\\www\\...')
#10 {main}
CRITICAL - 2022-03-04 06:37:26 --> Undefined variable: m
#0 C:\laragon\www\iventarisApp\app\Views\pegawai\index.php(41): CodeIgniter\Debug\Exceptions->errorHandler(8, 'Undefined varia...', 'C:\\laragon\\www\\...', 41, Array)
#1 C:\laragon\www\iventarisApp\system\View\View.php(210): include('C:\\laragon\\www\\...')
#2 C:\laragon\www\iventarisApp\system\View\View.php(213): CodeIgniter\View\View->CodeIgniter\View\{closure}()
#3 C:\laragon\www\iventarisApp\system\Common.php(1089): CodeIgniter\View\View->render('pegawai/index', Array, true)
#4 C:\laragon\www\iventarisApp\app\Controllers\Pegawai.php(18): view('pegawai/index', Array)
#5 C:\laragon\www\iventarisApp\system\CodeIgniter.php(825): App\Controllers\Pegawai->index()
#6 C:\laragon\www\iventarisApp\system\CodeIgniter.php(412): CodeIgniter\CodeIgniter->runController(Object(App\Controllers\Pegawai))
#7 C:\laragon\www\iventarisApp\system\CodeIgniter.php(320): CodeIgniter\CodeIgniter->handleRequest(NULL, Object(Config\Cache), false)
#8 C:\laragon\www\iventarisApp\public\index.php(37): CodeIgniter\CodeIgniter->run()
#9 C:\laragon\www\iventarisApp\system\Commands\Server\rewrite.php(43): require_once('C:\\laragon\\www\\...')
#10 {main}
CRITICAL - 2022-03-04 06:37:31 --> Undefined variable: m
#0 C:\laragon\www\iventarisApp\app\Views\pegawai\index.php(41): CodeIgniter\Debug\Exceptions->errorHandler(8, 'Undefined varia...', 'C:\\laragon\\www\\...', 41, Array)
#1 C:\laragon\www\iventarisApp\system\View\View.php(210): include('C:\\laragon\\www\\...')
#2 C:\laragon\www\iventarisApp\system\View\View.php(213): CodeIgniter\View\View->CodeIgniter\View\{closure}()
#3 C:\laragon\www\iventarisApp\system\Common.php(1089): CodeIgniter\View\View->render('pegawai/index', Array, true)
#4 C:\laragon\www\iventarisApp\app\Controllers\Pegawai.php(18): view('pegawai/index', Array)
#5 C:\laragon\www\iventarisApp\system\CodeIgniter.php(825): App\Controllers\Pegawai->index()
#6 C:\laragon\www\iventarisApp\system\CodeIgniter.php(412): CodeIgniter\CodeIgniter->runController(Object(App\Controllers\Pegawai))
#7 C:\laragon\www\iventarisApp\system\CodeIgniter.php(320): CodeIgniter\CodeIgniter->handleRequest(NULL, Object(Config\Cache), false)
#8 C:\laragon\www\iventarisApp\public\index.php(37): CodeIgniter\CodeIgniter->run()
#9 C:\laragon\www\iventarisApp\system\Commands\Server\rewrite.php(43): require_once('C:\\laragon\\www\\...')
#10 {main}
CRITICAL - 2022-03-04 06:38:45 --> Undefined variable: m
#0 C:\laragon\www\iventarisApp\app\Views\pegawai\index.php(41): CodeIgniter\Debug\Exceptions->errorHandler(8, 'Undefined varia...', 'C:\\laragon\\www\\...', 41, Array)
#1 C:\laragon\www\iventarisApp\system\View\View.php(210): include('C:\\laragon\\www\\...')
#2 C:\laragon\www\iventarisApp\system\View\View.php(213): CodeIgniter\View\View->CodeIgniter\View\{closure}()
#3 C:\laragon\www\iventarisApp\system\Common.php(1089): CodeIgniter\View\View->render('pegawai/index', Array, true)
#4 C:\laragon\www\iventarisApp\app\Controllers\Pegawai.php(18): view('pegawai/index', Array)
#5 C:\laragon\www\iventarisApp\system\CodeIgniter.php(825): App\Controllers\Pegawai->index()
#6 C:\laragon\www\iventarisApp\system\CodeIgniter.php(412): CodeIgniter\CodeIgniter->runController(Object(App\Controllers\Pegawai))
#7 C:\laragon\www\iventarisApp\system\CodeIgniter.php(320): CodeIgniter\CodeIgniter->handleRequest(NULL, Object(Config\Cache), false)
#8 C:\laragon\www\iventarisApp\public\index.php(37): CodeIgniter\CodeIgniter->run()
#9 C:\laragon\www\iventarisApp\system\Commands\Server\rewrite.php(43): require_once('C:\\laragon\\www\\...')
#10 {main}
CRITICAL - 2022-03-04 07:47:45 --> Undefined variable: pegawai
#0 C:\laragon\www\iventarisApp\app\Views\pegawai\edit.php(8): CodeIgniter\Debug\Exceptions->errorHandler(8, 'Undefined varia...', 'C:\\laragon\\www\\...', 8, Array)
#1 C:\laragon\www\iventarisApp\system\View\View.php(210): include('C:\\laragon\\www\\...')
#2 C:\laragon\www\iventarisApp\system\View\View.php(213): CodeIgniter\View\View->CodeIgniter\View\{closure}()
#3 C:\laragon\www\iventarisApp\system\Common.php(1089): CodeIgniter\View\View->render('pegawai/edit', Array, true)
#4 C:\laragon\www\iventarisApp\app\Controllers\Pegawai.php(89): view('pegawai/edit', Array)
#5 C:\laragon\www\iventarisApp\system\CodeIgniter.php(825): App\Controllers\Pegawai->edit('4')
#6 C:\laragon\www\iventarisApp\system\CodeIgniter.php(412): CodeIgniter\CodeIgniter->runController(Object(App\Controllers\Pegawai))
#7 C:\laragon\www\iventarisApp\system\CodeIgniter.php(320): CodeIgniter\CodeIgniter->handleRequest(NULL, Object(Config\Cache), false)
#8 C:\laragon\www\iventarisApp\public\index.php(37): CodeIgniter\CodeIgniter->run()
#9 C:\laragon\www\iventarisApp\system\Commands\Server\rewrite.php(43): require_once('C:\\laragon\\www\\...')
#10 {main}
CRITICAL - 2022-03-04 07:51:40 --> Undefined variable: pegawai
#0 C:\laragon\www\iventarisApp\app\Views\pegawai\edit.php(8): CodeIgniter\Debug\Exceptions->errorHandler(8, 'Undefined varia...', 'C:\\laragon\\www\\...', 8, Array)
#1 C:\laragon\www\iventarisApp\system\View\View.php(210): include('C:\\laragon\\www\\...')
#2 C:\laragon\www\iventarisApp\system\View\View.php(213): CodeIgniter\View\View->CodeIgniter\View\{closure}()
#3 C:\laragon\www\iventarisApp\system\Common.php(1089): CodeIgniter\View\View->render('pegawai/edit', Array, true)
#4 C:\laragon\www\iventarisApp\app\Controllers\Pegawai.php(89): view('pegawai/edit', Array)
#5 C:\laragon\www\iventarisApp\system\CodeIgniter.php(825): App\Controllers\Pegawai->edit('4')
#6 C:\laragon\www\iventarisApp\system\CodeIgniter.php(412): CodeIgniter\CodeIgniter->runController(Object(App\Controllers\Pegawai))
#7 C:\laragon\www\iventarisApp\system\CodeIgniter.php(320): CodeIgniter\CodeIgniter->handleRequest(NULL, Object(Config\Cache), false)
#8 C:\laragon\www\iventarisApp\public\index.php(37): CodeIgniter\CodeIgniter->run()
#9 C:\laragon\www\iventarisApp\system\Commands\Server\rewrite.php(43): require_once('C:\\laragon\\www\\...')
#10 {main}
CRITICAL - 2022-03-04 07:53:52 --> Undefined variable: pegawai
#0 C:\laragon\www\iventarisApp\app\Views\pegawai\edit.php(8): CodeIgniter\Debug\Exceptions->errorHandler(8, 'Undefined varia...', 'C:\\laragon\\www\\...', 8, Array)
#1 C:\laragon\www\iventarisApp\system\View\View.php(210): include('C:\\laragon\\www\\...')
#2 C:\laragon\www\iventarisApp\system\View\View.php(213): CodeIgniter\View\View->CodeIgniter\View\{closure}()
#3 C:\laragon\www\iventarisApp\system\Common.php(1089): CodeIgniter\View\View->render('pegawai/edit', Array, true)
#4 C:\laragon\www\iventarisApp\app\Controllers\Pegawai.php(89): view('pegawai/edit', Array)
#5 C:\laragon\www\iventarisApp\system\CodeIgniter.php(825): App\Controllers\Pegawai->edit('4')
#6 C:\laragon\www\iventarisApp\system\CodeIgniter.php(412): CodeIgniter\CodeIgniter->runController(Object(App\Controllers\Pegawai))
#7 C:\laragon\www\iventarisApp\system\CodeIgniter.php(320): CodeIgniter\CodeIgniter->handleRequest(NULL, Object(Config\Cache), false)
#8 C:\laragon\www\iventarisApp\public\index.php(37): CodeIgniter\CodeIgniter->run()
#9 C:\laragon\www\iventarisApp\system\Commands\Server\rewrite.php(43): require_once('C:\\laragon\\www\\...')
#10 {main}
CRITICAL - 2022-03-04 07:54:00 --> Undefined variable: pegawai
#0 C:\laragon\www\iventarisApp\app\Views\pegawai\edit.php(8): CodeIgniter\Debug\Exceptions->errorHandler(8, 'Undefined varia...', 'C:\\laragon\\www\\...', 8, Array)
#1 C:\laragon\www\iventarisApp\system\View\View.php(210): include('C:\\laragon\\www\\...')
#2 C:\laragon\www\iventarisApp\system\View\View.php(213): CodeIgniter\View\View->CodeIgniter\View\{closure}()
#3 C:\laragon\www\iventarisApp\system\Common.php(1089): CodeIgniter\View\View->render('pegawai/edit', Array, true)
#4 C:\laragon\www\iventarisApp\app\Controllers\Pegawai.php(89): view('pegawai/edit', Array)
#5 C:\laragon\www\iventarisApp\system\CodeIgniter.php(825): App\Controllers\Pegawai->edit('4')
#6 C:\laragon\www\iventarisApp\system\CodeIgniter.php(412): CodeIgniter\CodeIgniter->runController(Object(App\Controllers\Pegawai))
#7 C:\laragon\www\iventarisApp\system\CodeIgniter.php(320): CodeIgniter\CodeIgniter->handleRequest(NULL, Object(Config\Cache), false)
#8 C:\laragon\www\iventarisApp\public\index.php(37): CodeIgniter\CodeIgniter->run()
#9 C:\laragon\www\iventarisApp\system\Commands\Server\rewrite.php(43): require_once('C:\\laragon\\www\\...')
#10 {main}
CRITICAL - 2022-03-04 08:05:26 --> Undefined variable: pegawai
#0 C:\laragon\www\iventarisApp\app\Views\pegawai\edit.php(8): CodeIgniter\Debug\Exceptions->errorHandler(8, 'Undefined varia...', 'C:\\laragon\\www\\...', 8, Array)
#1 C:\laragon\www\iventarisApp\system\View\View.php(210): include('C:\\laragon\\www\\...')
#2 C:\laragon\www\iventarisApp\system\View\View.php(213): CodeIgniter\View\View->CodeIgniter\View\{closure}()
#3 C:\laragon\www\iventarisApp\system\Common.php(1089): CodeIgniter\View\View->render('pegawai/edit', Array, true)
#4 C:\laragon\www\iventarisApp\app\Controllers\Pegawai.php(89): view('pegawai/edit', Array)
#5 C:\laragon\www\iventarisApp\system\CodeIgniter.php(825): App\Controllers\Pegawai->edit('4')
#6 C:\laragon\www\iventarisApp\system\CodeIgniter.php(412): CodeIgniter\CodeIgniter->runController(Object(App\Controllers\Pegawai))
#7 C:\laragon\www\iventarisApp\system\CodeIgniter.php(320): CodeIgniter\CodeIgniter->handleRequest(NULL, Object(Config\Cache), false)
#8 C:\laragon\www\iventarisApp\public\index.php(37): CodeIgniter\CodeIgniter->run()
#9 C:\laragon\www\iventarisApp\system\Commands\Server\rewrite.php(43): require_once('C:\\laragon\\www\\...')
#10 {main}
CRITICAL - 2022-03-04 08:05:34 --> Undefined variable: pegawai
#0 C:\laragon\www\iventarisApp\app\Views\pegawai\edit.php(8): CodeIgniter\Debug\Exceptions->errorHandler(8, 'Undefined varia...', 'C:\\laragon\\www\\...', 8, Array)
#1 C:\laragon\www\iventarisApp\system\View\View.php(210): include('C:\\laragon\\www\\...')
#2 C:\laragon\www\iventarisApp\system\View\View.php(213): CodeIgniter\View\View->CodeIgniter\View\{closure}()
#3 C:\laragon\www\iventarisApp\system\Common.php(1089): CodeIgniter\View\View->render('pegawai/edit', Array, true)
#4 C:\laragon\www\iventarisApp\app\Controllers\Pegawai.php(89): view('pegawai/edit', Array)
#5 C:\laragon\www\iventarisApp\system\CodeIgniter.php(825): App\Controllers\Pegawai->edit('4')
#6 C:\laragon\www\iventarisApp\system\CodeIgniter.php(412): CodeIgniter\CodeIgniter->runController(Object(App\Controllers\Pegawai))
#7 C:\laragon\www\iventarisApp\system\CodeIgniter.php(320): CodeIgniter\CodeIgniter->handleRequest(NULL, Object(Config\Cache), false)
#8 C:\laragon\www\iventarisApp\public\index.php(37): CodeIgniter\CodeIgniter->run()
#9 C:\laragon\www\iventarisApp\system\Commands\Server\rewrite.php(43): require_once('C:\\laragon\\www\\...')
#10 {main}
CRITICAL - 2022-03-04 08:05:42 --> Undefined variable: pegawai
#0 C:\laragon\www\iventarisApp\app\Views\pegawai\edit.php(8): CodeIgniter\Debug\Exceptions->errorHandler(8, 'Undefined varia...', 'C:\\laragon\\www\\...', 8, Array)
#1 C:\laragon\www\iventarisApp\system\View\View.php(210): include('C:\\laragon\\www\\...')
#2 C:\laragon\www\iventarisApp\system\View\View.php(213): CodeIgniter\View\View->CodeIgniter\View\{closure}()
#3 C:\laragon\www\iventarisApp\system\Common.php(1089): CodeIgniter\View\View->render('pegawai/edit', Array, true)
#4 C:\laragon\www\iventarisApp\app\Controllers\Pegawai.php(89): view('pegawai/edit', Array)
#5 C:\laragon\www\iventarisApp\system\CodeIgniter.php(825): App\Controllers\Pegawai->edit('4')
#6 C:\laragon\www\iventarisApp\system\CodeIgniter.php(412): CodeIgniter\CodeIgniter->runController(Object(App\Controllers\Pegawai))
#7 C:\laragon\www\iventarisApp\system\CodeIgniter.php(320): CodeIgniter\CodeIgniter->handleRequest(NULL, Object(Config\Cache), false)
#8 C:\laragon\www\iventarisApp\public\index.php(37): CodeIgniter\CodeIgniter->run()
#9 C:\laragon\www\iventarisApp\system\Commands\Server\rewrite.php(43): require_once('C:\\laragon\\www\\...')
#10 {main}
CRITICAL - 2022-03-04 08:08:52 --> Undefined variable: pegawai
#0 C:\laragon\www\iventarisApp\app\Views\pegawai\edit.php(8): CodeIgniter\Debug\Exceptions->errorHandler(8, 'Undefined varia...', 'C:\\laragon\\www\\...', 8, Array)
#1 C:\laragon\www\iventarisApp\system\View\View.php(210): include('C:\\laragon\\www\\...')
#2 C:\laragon\www\iventarisApp\system\View\View.php(213): CodeIgniter\View\View->CodeIgniter\View\{closure}()
#3 C:\laragon\www\iventarisApp\system\Common.php(1089): CodeIgniter\View\View->render('pegawai/edit', Array, true)
#4 C:\laragon\www\iventarisApp\app\Controllers\Pegawai.php(89): view('pegawai/edit', Array)
#5 C:\laragon\www\iventarisApp\system\CodeIgniter.php(825): App\Controllers\Pegawai->edit('4')
#6 C:\laragon\www\iventarisApp\system\CodeIgniter.php(412): CodeIgniter\CodeIgniter->runController(Object(App\Controllers\Pegawai))
#7 C:\laragon\www\iventarisApp\system\CodeIgniter.php(320): CodeIgniter\CodeIgniter->handleRequest(NULL, Object(Config\Cache), false)
#8 C:\laragon\www\iventarisApp\public\index.php(37): CodeIgniter\CodeIgniter->run()
#9 C:\laragon\www\iventarisApp\system\Commands\Server\rewrite.php(43): require_once('C:\\laragon\\www\\...')
#10 {main}
CRITICAL - 2022-03-04 20:32:16 --> Undefined index: jumlah
#0 C:\laragon\www\iventarisApp\app\Views\ruangan\edit.php(24): CodeIgniter\Debug\Exceptions->errorHandler(8, 'Undefined index...', 'C:\\laragon\\www\\...', 24, Array)
#1 C:\laragon\www\iventarisApp\system\View\View.php(210): include('C:\\laragon\\www\\...')
#2 C:\laragon\www\iventarisApp\system\View\View.php(213): CodeIgniter\View\View->CodeIgniter\View\{closure}()
#3 C:\laragon\www\iventarisApp\system\Common.php(1089): CodeIgniter\View\View->render('ruangan/edit', Array, true)
#4 C:\laragon\www\iventarisApp\app\Controllers\Ruangan.php(58): view('ruangan/edit', Array)
#5 C:\laragon\www\iventarisApp\system\CodeIgniter.php(825): App\Controllers\Ruangan->edit('2')
#6 C:\laragon\www\iventarisApp\system\CodeIgniter.php(412): CodeIgniter\CodeIgniter->runController(Object(App\Controllers\Ruangan))
#7 C:\laragon\www\iventarisApp\system\CodeIgniter.php(320): CodeIgniter\CodeIgniter->handleRequest(NULL, Object(Config\Cache), false)
#8 C:\laragon\www\iventarisApp\public\index.php(37): CodeIgniter\CodeIgniter->run()
#9 C:\laragon\www\iventarisApp\system\Commands\Server\rewrite.php(43): require_once('C:\\laragon\\www\\...')
#10 {main}
ERROR - 2022-03-04 20:42:43 --> Unknown column 'id_pegawai' in 'where clause'
CRITICAL - 2022-03-04 20:42:43 --> Unknown column 'id_pegawai' in 'where clause'
#0 C:\laragon\www\iventarisApp\system\Database\MySQLi\Connection.php(292): mysqli->query('UPDATE `ruangan...', 0)
#1 C:\laragon\www\iventarisApp\system\Database\BaseConnection.php(670): CodeIgniter\Database\MySQLi\Connection->execute('UPDATE `ruangan...')
#2 C:\laragon\www\iventarisApp\system\Database\BaseConnection.php(598): CodeIgniter\Database\BaseConnection->simpleQuery('UPDATE `ruangan...')
#3 C:\laragon\www\iventarisApp\system\Database\BaseBuilder.php(1913): CodeIgniter\Database\BaseConnection->query('UPDATE `ruangan...', Array, false)
#4 C:\laragon\www\iventarisApp\app\Controllers\Ruangan.php(69): CodeIgniter\Database\BaseBuilder->update(Array)
#5 C:\laragon\www\iventarisApp\system\CodeIgniter.php(825): App\Controllers\Ruangan->update('2')
#6 C:\laragon\www\iventarisApp\system\CodeIgniter.php(412): CodeIgniter\CodeIgniter->runController(Object(App\Controllers\Ruangan))
#7 C:\laragon\www\iventarisApp\system\CodeIgniter.php(320): CodeIgniter\CodeIgniter->handleRequest(NULL, Object(Config\Cache), false)
#8 C:\laragon\www\iventarisApp\public\index.php(37): CodeIgniter\CodeIgniter->run()
#9 C:\laragon\www\iventarisApp\system\Commands\Server\rewrite.php(43): require_once('C:\\laragon\\www\\...')
#10 {main}
