CRITICAL - 2022-02-02 00:02:11 --> Undefined variable: validation
#0 C:\laragon\www\iventarisApp\app\Views\pegawai\create.php(12): CodeIgniter\Debug\Exceptions->errorHandler(8, 'Undefined varia...', 'C:\\laragon\\www\\...', 12, Array)
#1 C:\laragon\www\iventarisApp\system\View\View.php(210): include('C:\\laragon\\www\\...')
#2 C:\laragon\www\iventarisApp\system\View\View.php(213): CodeIgniter\View\View->CodeIgniter\View\{closure}()
#3 C:\laragon\www\iventarisApp\system\Common.php(1089): CodeIgniter\View\View->render('pegawai/create', Array, true)
#4 C:\laragon\www\iventarisApp\app\Controllers\Pegawai.php(26): view('pegawai/create', Array)
#5 C:\laragon\www\iventarisApp\system\CodeIgniter.php(825): App\Controllers\Pegawai->create()
#6 C:\laragon\www\iventarisApp\system\CodeIgniter.php(412): CodeIgniter\CodeIgniter->runController(Object(App\Controllers\Pegawai))
#7 C:\laragon\www\iventarisApp\system\CodeIgniter.php(320): CodeIgniter\CodeIgniter->handleRequest(NULL, Object(Config\Cache), false)
#8 C:\laragon\www\iventarisApp\public\index.php(37): CodeIgniter\CodeIgniter->run()
#9 C:\laragon\www\iventarisApp\system\Commands\Server\rewrite.php(43): require_once('C:\\laragon\\www\\...')
#10 {main}
CRITICAL - 2022-02-02 00:03:49 --> Undefined variable: validation
#0 C:\laragon\www\iventarisApp\app\Views\pegawai\create.php(12): CodeIgniter\Debug\Exceptions->errorHandler(8, 'Undefined varia...', 'C:\\laragon\\www\\...', 12, Array)
#1 C:\laragon\www\iventarisApp\system\View\View.php(210): include('C:\\laragon\\www\\...')
#2 C:\laragon\www\iventarisApp\system\View\View.php(213): CodeIgniter\View\View->CodeIgniter\View\{closure}()
#3 C:\laragon\www\iventarisApp\system\Common.php(1089): CodeIgniter\View\View->render('pegawai/create', Array, true)
#4 C:\laragon\www\iventarisApp\app\Controllers\Pegawai.php(26): view('pegawai/create', Array)
#5 C:\laragon\www\iventarisApp\system\CodeIgniter.php(825): App\Controllers\Pegawai->create()
#6 C:\laragon\www\iventarisApp\system\CodeIgniter.php(412): CodeIgniter\CodeIgniter->runController(Object(App\Controllers\Pegawai))
#7 C:\laragon\www\iventarisApp\system\CodeIgniter.php(320): CodeIgniter\CodeIgniter->handleRequest(NULL, Object(Config\Cache), false)
#8 C:\laragon\www\iventarisApp\public\index.php(37): CodeIgniter\CodeIgniter->run()
#9 C:\laragon\www\iventarisApp\system\Commands\Server\rewrite.php(43): require_once('C:\\laragon\\www\\...')
#10 {main}
CRITICAL - 2022-02-02 00:08:31 --> Undefined variable: validation
#0 C:\laragon\www\iventarisApp\app\Views\pegawai\create.php(12): CodeIgniter\Debug\Exceptions->errorHandler(8, 'Undefined varia...', 'C:\\laragon\\www\\...', 12, Array)
#1 C:\laragon\www\iventarisApp\system\View\View.php(210): include('C:\\laragon\\www\\...')
#2 C:\laragon\www\iventarisApp\system\View\View.php(213): CodeIgniter\View\View->CodeIgniter\View\{closure}()
#3 C:\laragon\www\iventarisApp\system\Common.php(1089): CodeIgniter\View\View->render('pegawai/create', Array, true)
#4 C:\laragon\www\iventarisApp\app\Controllers\Pegawai.php(26): view('pegawai/create', Array)
#5 C:\laragon\www\iventarisApp\system\CodeIgniter.php(825): App\Controllers\Pegawai->create()
#6 C:\laragon\www\iventarisApp\system\CodeIgniter.php(412): CodeIgniter\CodeIgniter->runController(Object(App\Controllers\Pegawai))
#7 C:\laragon\www\iventarisApp\system\CodeIgniter.php(320): CodeIgniter\CodeIgniter->handleRequest(NULL, Object(Config\Cache), false)
#8 C:\laragon\www\iventarisApp\public\index.php(37): CodeIgniter\CodeIgniter->run()
#9 C:\laragon\www\iventarisApp\system\Commands\Server\rewrite.php(43): require_once('C:\\laragon\\www\\...')
#10 {main}
CRITICAL - 2022-02-02 06:19:15 --> Undefined variable: pegawai
#0 C:\laragon\www\iventarisApp\app\Views\pegawai\edit.php(8): CodeIgniter\Debug\Exceptions->errorHandler(8, 'Undefined varia...', 'C:\\laragon\\www\\...', 8, Array)
#1 C:\laragon\www\iventarisApp\system\View\View.php(210): include('C:\\laragon\\www\\...')
#2 C:\laragon\www\iventarisApp\system\View\View.php(213): CodeIgniter\View\View->CodeIgniter\View\{closure}()
#3 C:\laragon\www\iventarisApp\system\Common.php(1089): CodeIgniter\View\View->render('pegawai/edit', Array, true)
#4 C:\laragon\www\iventarisApp\app\Controllers\Pegawai.php(77): view('pegawai/edit', Array)
#5 C:\laragon\www\iventarisApp\system\CodeIgniter.php(825): App\Controllers\Pegawai->edit('1')
#6 C:\laragon\www\iventarisApp\system\CodeIgniter.php(412): CodeIgniter\CodeIgniter->runController(Object(App\Controllers\Pegawai))
#7 C:\laragon\www\iventarisApp\system\CodeIgniter.php(320): CodeIgniter\CodeIgniter->handleRequest(NULL, Object(Config\Cache), false)
#8 C:\laragon\www\iventarisApp\public\index.php(37): CodeIgniter\CodeIgniter->run()
#9 C:\laragon\www\iventarisApp\system\Commands\Server\rewrite.php(43): require_once('C:\\laragon\\www\\...')
#10 {main}
CRITICAL - 2022-02-02 06:20:41 --> Undefined variable: pegawai
#0 C:\laragon\www\iventarisApp\app\Views\pegawai\edit.php(8): CodeIgniter\Debug\Exceptions->errorHandler(8, 'Undefined varia...', 'C:\\laragon\\www\\...', 8, Array)
#1 C:\laragon\www\iventarisApp\system\View\View.php(210): include('C:\\laragon\\www\\...')
#2 C:\laragon\www\iventarisApp\system\View\View.php(213): CodeIgniter\View\View->CodeIgniter\View\{closure}()
#3 C:\laragon\www\iventarisApp\system\Common.php(1089): CodeIgniter\View\View->render('pegawai/edit', Array, true)
#4 C:\laragon\www\iventarisApp\app\Controllers\Pegawai.php(77): view('pegawai/edit', Array)
#5 C:\laragon\www\iventarisApp\system\CodeIgniter.php(825): App\Controllers\Pegawai->edit('1')
#6 C:\laragon\www\iventarisApp\system\CodeIgniter.php(412): CodeIgniter\CodeIgniter->runController(Object(App\Controllers\Pegawai))
#7 C:\laragon\www\iventarisApp\system\CodeIgniter.php(320): CodeIgniter\CodeIgniter->handleRequest(NULL, Object(Config\Cache), false)
#8 C:\laragon\www\iventarisApp\public\index.php(37): CodeIgniter\CodeIgniter->run()
#9 C:\laragon\www\iventarisApp\system\Commands\Server\rewrite.php(43): require_once('C:\\laragon\\www\\...')
#10 {main}
CRITICAL - 2022-02-02 06:22:12 --> Undefined variable: pegawai
#0 C:\laragon\www\iventarisApp\app\Views\pegawai\edit.php(8): CodeIgniter\Debug\Exceptions->errorHandler(8, 'Undefined varia...', 'C:\\laragon\\www\\...', 8, Array)
#1 C:\laragon\www\iventarisApp\system\View\View.php(210): include('C:\\laragon\\www\\...')
#2 C:\laragon\www\iventarisApp\system\View\View.php(213): CodeIgniter\View\View->CodeIgniter\View\{closure}()
#3 C:\laragon\www\iventarisApp\system\Common.php(1089): CodeIgniter\View\View->render('pegawai/edit', Array, true)
#4 C:\laragon\www\iventarisApp\app\Controllers\Pegawai.php(77): view('pegawai/edit', Array)
#5 C:\laragon\www\iventarisApp\system\CodeIgniter.php(825): App\Controllers\Pegawai->edit('1')
#6 C:\laragon\www\iventarisApp\system\CodeIgniter.php(412): CodeIgniter\CodeIgniter->runController(Object(App\Controllers\Pegawai))
#7 C:\laragon\www\iventarisApp\system\CodeIgniter.php(320): CodeIgniter\CodeIgniter->handleRequest(NULL, Object(Config\Cache), false)
#8 C:\laragon\www\iventarisApp\public\index.php(37): CodeIgniter\CodeIgniter->run()
#9 C:\laragon\www\iventarisApp\system\Commands\Server\rewrite.php(43): require_once('C:\\laragon\\www\\...')
#10 {main}
CRITICAL - 2022-02-02 06:24:44 --> Undefined variable: pegawai
#0 C:\laragon\www\iventarisApp\app\Views\pegawai\edit.php(8): CodeIgniter\Debug\Exceptions->errorHandler(8, 'Undefined varia...', 'C:\\laragon\\www\\...', 8, Array)
#1 C:\laragon\www\iventarisApp\system\View\View.php(210): include('C:\\laragon\\www\\...')
#2 C:\laragon\www\iventarisApp\system\View\View.php(213): CodeIgniter\View\View->CodeIgniter\View\{closure}()
#3 C:\laragon\www\iventarisApp\system\Common.php(1089): CodeIgniter\View\View->render('pegawai/edit', Array, true)
#4 C:\laragon\www\iventarisApp\app\Controllers\Pegawai.php(77): view('pegawai/edit', Array)
#5 C:\laragon\www\iventarisApp\system\CodeIgniter.php(825): App\Controllers\Pegawai->edit('1')
#6 C:\laragon\www\iventarisApp\system\CodeIgniter.php(412): CodeIgniter\CodeIgniter->runController(Object(App\Controllers\Pegawai))
#7 C:\laragon\www\iventarisApp\system\CodeIgniter.php(320): CodeIgniter\CodeIgniter->handleRequest(NULL, Object(Config\Cache), false)
#8 C:\laragon\www\iventarisApp\public\index.php(37): CodeIgniter\CodeIgniter->run()
#9 C:\laragon\www\iventarisApp\system\Commands\Server\rewrite.php(43): require_once('C:\\laragon\\www\\...')
#10 {main}
CRITICAL - 2022-02-02 06:26:47 --> Undefined variable: p
#0 C:\laragon\www\iventarisApp\app\Views\pegawai\edit.php(8): CodeIgniter\Debug\Exceptions->errorHandler(8, 'Undefined varia...', 'C:\\laragon\\www\\...', 8, Array)
#1 C:\laragon\www\iventarisApp\system\View\View.php(210): include('C:\\laragon\\www\\...')
#2 C:\laragon\www\iventarisApp\system\View\View.php(213): CodeIgniter\View\View->CodeIgniter\View\{closure}()
#3 C:\laragon\www\iventarisApp\system\Common.php(1089): CodeIgniter\View\View->render('pegawai/edit', Array, true)
#4 C:\laragon\www\iventarisApp\app\Controllers\Pegawai.php(77): view('pegawai/edit', Array)
#5 C:\laragon\www\iventarisApp\system\CodeIgniter.php(825): App\Controllers\Pegawai->edit('1')
#6 C:\laragon\www\iventarisApp\system\CodeIgniter.php(412): CodeIgniter\CodeIgniter->runController(Object(App\Controllers\Pegawai))
#7 C:\laragon\www\iventarisApp\system\CodeIgniter.php(320): CodeIgniter\CodeIgniter->handleRequest(NULL, Object(Config\Cache), false)
#8 C:\laragon\www\iventarisApp\public\index.php(37): CodeIgniter\CodeIgniter->run()
#9 C:\laragon\www\iventarisApp\system\Commands\Server\rewrite.php(43): require_once('C:\\laragon\\www\\...')
#10 {main}
CRITICAL - 2022-02-02 06:28:50 --> Undefined variable: pegawai
#0 C:\laragon\www\iventarisApp\app\Views\pegawai\edit.php(8): CodeIgniter\Debug\Exceptions->errorHandler(8, 'Undefined varia...', 'C:\\laragon\\www\\...', 8, Array)
#1 C:\laragon\www\iventarisApp\system\View\View.php(210): include('C:\\laragon\\www\\...')
#2 C:\laragon\www\iventarisApp\system\View\View.php(213): CodeIgniter\View\View->CodeIgniter\View\{closure}()
#3 C:\laragon\www\iventarisApp\system\Common.php(1089): CodeIgniter\View\View->render('pegawai/edit', Array, true)
#4 C:\laragon\www\iventarisApp\app\Controllers\Pegawai.php(77): view('pegawai/edit', Array)
#5 C:\laragon\www\iventarisApp\system\CodeIgniter.php(825): App\Controllers\Pegawai->edit('1')
#6 C:\laragon\www\iventarisApp\system\CodeIgniter.php(412): CodeIgniter\CodeIgniter->runController(Object(App\Controllers\Pegawai))
#7 C:\laragon\www\iventarisApp\system\CodeIgniter.php(320): CodeIgniter\CodeIgniter->handleRequest(NULL, Object(Config\Cache), false)
#8 C:\laragon\www\iventarisApp\public\index.php(37): CodeIgniter\CodeIgniter->run()
#9 C:\laragon\www\iventarisApp\system\Commands\Server\rewrite.php(43): require_once('C:\\laragon\\www\\...')
#10 {main}
CRITICAL - 2022-02-02 06:33:03 --> Undefined variable: pegawai
#0 C:\laragon\www\iventarisApp\app\Views\pegawai\edit.php(8): CodeIgniter\Debug\Exceptions->errorHandler(8, 'Undefined varia...', 'C:\\laragon\\www\\...', 8, Array)
#1 C:\laragon\www\iventarisApp\system\View\View.php(210): include('C:\\laragon\\www\\...')
#2 C:\laragon\www\iventarisApp\system\View\View.php(213): CodeIgniter\View\View->CodeIgniter\View\{closure}()
#3 C:\laragon\www\iventarisApp\system\Common.php(1089): CodeIgniter\View\View->render('pegawai/edit', Array, true)
#4 C:\laragon\www\iventarisApp\app\Controllers\Pegawai.php(77): view('pegawai/edit', Array)
#5 C:\laragon\www\iventarisApp\system\CodeIgniter.php(825): App\Controllers\Pegawai->edit('1')
#6 C:\laragon\www\iventarisApp\system\CodeIgniter.php(412): CodeIgniter\CodeIgniter->runController(Object(App\Controllers\Pegawai))
#7 C:\laragon\www\iventarisApp\system\CodeIgniter.php(320): CodeIgniter\CodeIgniter->handleRequest(NULL, Object(Config\Cache), false)
#8 C:\laragon\www\iventarisApp\public\index.php(37): CodeIgniter\CodeIgniter->run()
#9 C:\laragon\www\iventarisApp\system\Commands\Server\rewrite.php(43): require_once('C:\\laragon\\www\\...')
#10 {main}
CRITICAL - 2022-02-02 06:33:15 --> Undefined variable: pegawai
#0 C:\laragon\www\iventarisApp\app\Views\pegawai\edit.php(8): CodeIgniter\Debug\Exceptions->errorHandler(8, 'Undefined varia...', 'C:\\laragon\\www\\...', 8, Array)
#1 C:\laragon\www\iventarisApp\system\View\View.php(210): include('C:\\laragon\\www\\...')
#2 C:\laragon\www\iventarisApp\system\View\View.php(213): CodeIgniter\View\View->CodeIgniter\View\{closure}()
#3 C:\laragon\www\iventarisApp\system\Common.php(1089): CodeIgniter\View\View->render('pegawai/edit', Array, true)
#4 C:\laragon\www\iventarisApp\app\Controllers\Pegawai.php(77): view('pegawai/edit', Array)
#5 C:\laragon\www\iventarisApp\system\CodeIgniter.php(825): App\Controllers\Pegawai->edit('1')
#6 C:\laragon\www\iventarisApp\system\CodeIgniter.php(412): CodeIgniter\CodeIgniter->runController(Object(App\Controllers\Pegawai))
#7 C:\laragon\www\iventarisApp\system\CodeIgniter.php(320): CodeIgniter\CodeIgniter->handleRequest(NULL, Object(Config\Cache), false)
#8 C:\laragon\www\iventarisApp\public\index.php(37): CodeIgniter\CodeIgniter->run()
#9 C:\laragon\www\iventarisApp\system\Commands\Server\rewrite.php(43): require_once('C:\\laragon\\www\\...')
#10 {main}
CRITICAL - 2022-02-02 09:26:27 --> Undefined variable: pegawai
#0 C:\laragon\www\iventarisApp\app\Views\pegawai\edit.php(8): CodeIgniter\Debug\Exceptions->errorHandler(8, 'Undefined varia...', 'C:\\laragon\\www\\...', 8, Array)
#1 C:\laragon\www\iventarisApp\system\View\View.php(210): include('C:\\laragon\\www\\...')
#2 C:\laragon\www\iventarisApp\system\View\View.php(213): CodeIgniter\View\View->CodeIgniter\View\{closure}()
#3 C:\laragon\www\iventarisApp\system\Common.php(1089): CodeIgniter\View\View->render('pegawai/edit', Array, true)
#4 C:\laragon\www\iventarisApp\app\Controllers\Pegawai.php(77): view('pegawai/edit', Array)
#5 C:\laragon\www\iventarisApp\system\CodeIgniter.php(825): App\Controllers\Pegawai->edit('1')
#6 C:\laragon\www\iventarisApp\system\CodeIgniter.php(412): CodeIgniter\CodeIgniter->runController(Object(App\Controllers\Pegawai))
#7 C:\laragon\www\iventarisApp\system\CodeIgniter.php(320): CodeIgniter\CodeIgniter->handleRequest(NULL, Object(Config\Cache), false)
#8 C:\laragon\www\iventarisApp\public\index.php(37): CodeIgniter\CodeIgniter->run()
#9 C:\laragon\www\iventarisApp\system\Commands\Server\rewrite.php(43): require_once('C:\\laragon\\www\\...')
#10 {main}
