CRITICAL - 2022-01-18 19:29:36 --> Invalid file: home/index.php
#0 C:\laragon\www\iventarisApp\system\View\View.php(198): CodeIgniter\Exceptions\FrameworkException::forInvalidFile('home/index.php')
#1 C:\laragon\www\iventarisApp\system\Common.php(1089): CodeIgniter\View\View->render('home/index', Array, true)
#2 C:\laragon\www\iventarisApp\app\Controllers\Home.php(16): view('home/index', Array)
#3 C:\laragon\www\iventarisApp\system\CodeIgniter.php(825): App\Controllers\Home->index()
#4 C:\laragon\www\iventarisApp\system\CodeIgniter.php(412): CodeIgniter\CodeIgniter->runController(Object(App\Controllers\Home))
#5 C:\laragon\www\iventarisApp\system\CodeIgniter.php(320): CodeIgniter\CodeIgniter->handleRequest(NULL, Object(Config\Cache), false)
#6 C:\laragon\www\iventarisApp\public\index.php(37): CodeIgniter\CodeIgniter->run()
#7 C:\laragon\www\iventarisApp\system\Commands\Server\rewrite.php(43): require_once('C:\\laragon\\www\\...')
#8 {main}
CRITICAL - 2022-01-18 19:31:38 --> Invalid file: home/index.php
#0 C:\laragon\www\iventarisApp\system\View\View.php(198): CodeIgniter\Exceptions\FrameworkException::forInvalidFile('home/index.php')
#1 C:\laragon\www\iventarisApp\system\Common.php(1089): CodeIgniter\View\View->render('home/index', Array, true)
#2 C:\laragon\www\iventarisApp\app\Controllers\Home.php(15): view('home/index', Array)
#3 C:\laragon\www\iventarisApp\system\CodeIgniter.php(825): App\Controllers\Home->index()
#4 C:\laragon\www\iventarisApp\system\CodeIgniter.php(412): CodeIgniter\CodeIgniter->runController(Object(App\Controllers\Home))
#5 C:\laragon\www\iventarisApp\system\CodeIgniter.php(320): CodeIgniter\CodeIgniter->handleRequest(NULL, Object(Config\Cache), false)
#6 C:\laragon\www\iventarisApp\public\index.php(37): CodeIgniter\CodeIgniter->run()
#7 C:\laragon\www\iventarisApp\system\Commands\Server\rewrite.php(43): require_once('C:\\laragon\\www\\...')
#8 {main}
CRITICAL - 2022-01-18 19:45:58 --> Call to undefined method CodeIgniter\View\View::extends()
#0 C:\laragon\www\iventarisApp\system\View\View.php(210): include()
#1 C:\laragon\www\iventarisApp\system\View\View.php(213): CodeIgniter\View\View->CodeIgniter\View\{closure}()
#2 C:\laragon\www\iventarisApp\system\Common.php(1089): CodeIgniter\View\View->render('barang/index', Array, true)
#3 C:\laragon\www\iventarisApp\app\Controllers\Barang.php(15): view('barang/index', Array)
#4 C:\laragon\www\iventarisApp\system\CodeIgniter.php(825): App\Controllers\Barang->index()
#5 C:\laragon\www\iventarisApp\system\CodeIgniter.php(412): CodeIgniter\CodeIgniter->runController(Object(App\Controllers\Barang))
#6 C:\laragon\www\iventarisApp\system\CodeIgniter.php(320): CodeIgniter\CodeIgniter->handleRequest(NULL, Object(Config\Cache), false)
#7 C:\laragon\www\iventarisApp\public\index.php(37): CodeIgniter\CodeIgniter->run()
#8 C:\laragon\www\iventarisApp\system\Commands\Server\rewrite.php(43): require_once('C:\\laragon\\www\\...')
#9 {main}
CRITICAL - 2022-01-18 19:46:17 --> Call to undefined method CodeIgniter\View\View::extends()
#0 C:\laragon\www\iventarisApp\system\View\View.php(210): include()
#1 C:\laragon\www\iventarisApp\system\View\View.php(213): CodeIgniter\View\View->CodeIgniter\View\{closure}()
#2 C:\laragon\www\iventarisApp\system\Common.php(1089): CodeIgniter\View\View->render('barang/index', Array, true)
#3 C:\laragon\www\iventarisApp\app\Controllers\Barang.php(15): view('barang/index', Array)
#4 C:\laragon\www\iventarisApp\system\CodeIgniter.php(825): App\Controllers\Barang->index()
#5 C:\laragon\www\iventarisApp\system\CodeIgniter.php(412): CodeIgniter\CodeIgniter->runController(Object(App\Controllers\Barang))
#6 C:\laragon\www\iventarisApp\system\CodeIgniter.php(320): CodeIgniter\CodeIgniter->handleRequest(NULL, Object(Config\Cache), false)
#7 C:\laragon\www\iventarisApp\public\index.php(37): CodeIgniter\CodeIgniter->run()
#8 C:\laragon\www\iventarisApp\system\Commands\Server\rewrite.php(43): require_once('C:\\laragon\\www\\...')
#9 {main}
CRITICAL - 2022-01-18 19:47:25 --> Call to undefined method CodeIgniter\View\View::extends()
#0 C:\laragon\www\iventarisApp\system\View\View.php(210): include()
#1 C:\laragon\www\iventarisApp\system\View\View.php(213): CodeIgniter\View\View->CodeIgniter\View\{closure}()
#2 C:\laragon\www\iventarisApp\system\Common.php(1089): CodeIgniter\View\View->render('barang/index', Array, true)
#3 C:\laragon\www\iventarisApp\app\Controllers\Barang.php(15): view('barang/index', Array)
#4 C:\laragon\www\iventarisApp\system\CodeIgniter.php(825): App\Controllers\Barang->index()
#5 C:\laragon\www\iventarisApp\system\CodeIgniter.php(412): CodeIgniter\CodeIgniter->runController(Object(App\Controllers\Barang))
#6 C:\laragon\www\iventarisApp\system\CodeIgniter.php(320): CodeIgniter\CodeIgniter->handleRequest(NULL, Object(Config\Cache), false)
#7 C:\laragon\www\iventarisApp\public\index.php(37): CodeIgniter\CodeIgniter->run()
#8 C:\laragon\www\iventarisApp\system\Commands\Server\rewrite.php(43): require_once('C:\\laragon\\www\\...')
#9 {main}
CRITICAL - 2022-01-18 19:48:02 --> Call to undefined method CodeIgniter\View\View::endsecton()
#0 C:\laragon\www\iventarisApp\system\View\View.php(210): include()
#1 C:\laragon\www\iventarisApp\system\View\View.php(213): CodeIgniter\View\View->CodeIgniter\View\{closure}()
#2 C:\laragon\www\iventarisApp\system\Common.php(1089): CodeIgniter\View\View->render('barang/index', Array, true)
#3 C:\laragon\www\iventarisApp\app\Controllers\Barang.php(15): view('barang/index', Array)
#4 C:\laragon\www\iventarisApp\system\CodeIgniter.php(825): App\Controllers\Barang->index()
#5 C:\laragon\www\iventarisApp\system\CodeIgniter.php(412): CodeIgniter\CodeIgniter->runController(Object(App\Controllers\Barang))
#6 C:\laragon\www\iventarisApp\system\CodeIgniter.php(320): CodeIgniter\CodeIgniter->handleRequest(NULL, Object(Config\Cache), false)
#7 C:\laragon\www\iventarisApp\public\index.php(37): CodeIgniter\CodeIgniter->run()
#8 C:\laragon\www\iventarisApp\system\Commands\Server\rewrite.php(43): require_once('C:\\laragon\\www\\...')
#9 {main}
CRITICAL - 2022-01-18 19:48:04 --> Call to undefined method CodeIgniter\View\View::endsecton()
#0 C:\laragon\www\iventarisApp\system\View\View.php(210): include()
#1 C:\laragon\www\iventarisApp\system\View\View.php(213): CodeIgniter\View\View->CodeIgniter\View\{closure}()
#2 C:\laragon\www\iventarisApp\system\Common.php(1089): CodeIgniter\View\View->render('barang/index', Array, true)
#3 C:\laragon\www\iventarisApp\app\Controllers\Barang.php(15): view('barang/index', Array)
#4 C:\laragon\www\iventarisApp\system\CodeIgniter.php(825): App\Controllers\Barang->index()
#5 C:\laragon\www\iventarisApp\system\CodeIgniter.php(412): CodeIgniter\CodeIgniter->runController(Object(App\Controllers\Barang))
#6 C:\laragon\www\iventarisApp\system\CodeIgniter.php(320): CodeIgniter\CodeIgniter->handleRequest(NULL, Object(Config\Cache), false)
#7 C:\laragon\www\iventarisApp\public\index.php(37): CodeIgniter\CodeIgniter->run()
#8 C:\laragon\www\iventarisApp\system\Commands\Server\rewrite.php(43): require_once('C:\\laragon\\www\\...')
#9 {main}
CRITICAL - 2022-01-18 19:48:24 --> Invalid file: template/tamplate.php
#0 C:\laragon\www\iventarisApp\system\View\View.php(198): CodeIgniter\Exceptions\FrameworkException::forInvalidFile('template/tampla...')
#1 C:\laragon\www\iventarisApp\system\View\View.php(226): CodeIgniter\View\View->render('template/tampla...', Array, true)
#2 C:\laragon\www\iventarisApp\system\Common.php(1089): CodeIgniter\View\View->render('barang/index', Array, true)
#3 C:\laragon\www\iventarisApp\app\Controllers\Barang.php(15): view('barang/index', Array)
#4 C:\laragon\www\iventarisApp\system\CodeIgniter.php(825): App\Controllers\Barang->index()
#5 C:\laragon\www\iventarisApp\system\CodeIgniter.php(412): CodeIgniter\CodeIgniter->runController(Object(App\Controllers\Barang))
#6 C:\laragon\www\iventarisApp\system\CodeIgniter.php(320): CodeIgniter\CodeIgniter->handleRequest(NULL, Object(Config\Cache), false)
#7 C:\laragon\www\iventarisApp\public\index.php(37): CodeIgniter\CodeIgniter->run()
#8 C:\laragon\www\iventarisApp\system\Commands\Server\rewrite.php(43): require_once('C:\\laragon\\www\\...')
#9 {main}
